Vivado Simulator v2022.2
Copyright 1986-1999, 2001-2022 Xilinx, Inc. All Rights Reserved.
Running: C:/Applications/Xilinx/Vivado/2022.2/bin/unwrapped/win64.o/xelab.exe --incr --debug typical --relax --mt 2 -L xil_defaultlib -L secureip --snapshot bch_sfir_filter_4_behav xil_defaultlib.bch_sfir_filter_4 -log elaborate.log 
Using 2 slave threads.
Starting static elaboration
Completed static elaboration
Starting simulation data flow analysis
Completed simulation data flow analysis
Time Resolution for simulation is 1ps
Compiling package std.standard
Compiling package std.textio
Compiling package ieee.std_logic_1164
Compiling package ieee.numeric_std
Compiling package ieee.math_real
Compiling package xil_defaultlib.pkg_mgt_file
Compiling package xil_defaultlib.pkg_gen_heartbeat
Compiling architecture rtl of entity xil_defaultlib.gen_heartbeat [gen_heartbeat_default]
Compiling architecture rtl of entity xil_defaultlib.sfir_filter_4 [\sfir_filter_4(g_h0="11101111",g...]
Compiling architecture behavioral of entity xil_defaultlib.bch_sfir_filter_4
Built simulation snapshot bch_sfir_filter_4_behav
